{"level":"info","message":"Starting Gmail Report Processor...","service":"mail-server-nj","timestamp":"2025-08-09T09:24:44.856Z"}
{"level":"info","message":"Reports folder ensured at: ./all-reports","service":"mail-server-nj","timestamp":"2025-08-09T09:24:44.884Z"}
{"level":"info","message":"Log directory ensured","service":"mail-server-nj","timestamp":"2025-08-09T09:24:44.886Z"}
{"level":"error","message":"IMAP connection error: Invalid credentials (Failure)","service":"mail-server-nj","source":"authentication","stack":"Error: Invalid credentials (Failure)\n    at Connection._resTagged (/Users/fadiyassin/Desktop/Mail-Server-NJ/node_modules/imap/lib/Connection.js:1502:11)\n    at Parser.<anonymous> (/Users/fadiyassin/Desktop/Mail-Server-NJ/node_modules/imap/lib/Connection.js:194:10)\n    at Parser.emit (node:events:518:28)\n    at Parser._resTagged (/Users/fadiyassin/Desktop/Mail-Server-NJ/node_modules/imap/lib/Parser.js:175:10)\n    at Parser._parse (/Users/fadiyassin/Desktop/Mail-Server-NJ/node_modules/imap/lib/Parser.js:139:16)\n    at Parser._tryread (/Users/fadiyassin/Desktop/Mail-Server-NJ/node_modules/imap/lib/Parser.js:82:15)\n    at Parser._cbReadable (/Users/fadiyassin/Desktop/Mail-Server-NJ/node_modules/imap/lib/Parser.js:53:12)\n    at TLSSocket.emit (node:events:518:28)\n    at emitReadable_ (node:internal/streams/readable:834:12)\n    at process.processTicksAndRejections (node:internal/process/task_queues:89:21)","textCode":"AUTHENTICATIONFAILED","timestamp":"2025-08-09T09:24:45.964Z","type":"no"}
{"level":"info","message":"Starting Gmail Report Processor...","service":"mail-server-nj","timestamp":"2025-08-09T09:31:55.036Z"}
{"level":"info","message":"Reports folder ensured at: ./all-reports","service":"mail-server-nj","timestamp":"2025-08-09T09:31:55.069Z"}
{"level":"info","message":"Log directory ensured","service":"mail-server-nj","timestamp":"2025-08-09T09:31:55.070Z"}
{"level":"info","message":"Connected to Gmail IMAP for fadiyassin381@gmail.com","service":"mail-server-nj","timestamp":"2025-08-09T09:31:56.398Z"}
{"level":"info","message":"Starting Gmail polling every 30 seconds","service":"mail-server-nj","timestamp":"2025-08-09T09:31:56.401Z"}
{"level":"info","message":"No new report emails found","service":"mail-server-nj","timestamp":"2025-08-09T09:31:57.430Z"}
{"level":"info","message":"No new report emails found","service":"mail-server-nj","timestamp":"2025-08-09T09:32:27.253Z"}
{"level":"info","message":"No new report emails found","service":"mail-server-nj","timestamp":"2025-08-09T09:32:57.250Z"}
{"level":"info","message":"Found 1 unread emails with \"report\" in subject","service":"mail-server-nj","timestamp":"2025-08-09T09:33:27.258Z"}
{"level":"info","message":"Processing email - From: \"Fadi Yassin\" <fadi@backslash.security>, Subject: report","service":"mail-server-nj","timestamp":"2025-08-09T09:33:28.688Z"}
{"level":"info","message":"Saved PDF: 2025-08-09T09-33-28-688Z_fadi@backslash.security_SCAN2024-12-10-164914.pdf (475649 bytes)","service":"mail-server-nj","timestamp":"2025-08-09T09:33:28.689Z"}
{"level":"info","message":"Successfully processed 1 PDF attachments","service":"mail-server-nj","timestamp":"2025-08-09T09:33:28.689Z"}
{"level":"info","message":"✅ Processed email UID 30122: 1 PDFs saved","service":"mail-server-nj","timestamp":"2025-08-09T09:33:28.689Z"}
{"level":"info","message":"   📄 2025-08-09T09-33-28-688Z_fadi@backslash.security_SCAN2024-12-10-164914.pdf","service":"mail-server-nj","timestamp":"2025-08-09T09:33:28.689Z"}
{"level":"info","message":"No new report emails found","service":"mail-server-nj","timestamp":"2025-08-09T09:33:57.270Z"}
{"level":"info","message":"No new report emails found","service":"mail-server-nj","timestamp":"2025-08-09T09:34:27.274Z"}
{"level":"info","message":"No new report emails found","service":"mail-server-nj","timestamp":"2025-08-09T09:34:57.261Z"}
{"level":"info","message":"No new report emails found","service":"mail-server-nj","timestamp":"2025-08-09T09:35:27.247Z"}
{"level":"info","message":"No new report emails found","service":"mail-server-nj","timestamp":"2025-08-09T09:35:57.243Z"}
{"level":"info","message":"No new report emails found","service":"mail-server-nj","timestamp":"2025-08-09T09:36:27.257Z"}
{"level":"info","message":"No new report emails found","service":"mail-server-nj","timestamp":"2025-08-09T09:36:57.254Z"}
{"level":"info","message":"No new report emails found","service":"mail-server-nj","timestamp":"2025-08-09T09:37:27.248Z"}
{"level":"info","message":"No new report emails found","service":"mail-server-nj","timestamp":"2025-08-09T09:37:57.253Z"}
{"level":"info","message":"No new report emails found","service":"mail-server-nj","timestamp":"2025-08-09T09:38:27.248Z"}
{"level":"info","message":"No new report emails found","service":"mail-server-nj","timestamp":"2025-08-09T09:38:57.270Z"}
{"level":"info","message":"No new report emails found","service":"mail-server-nj","timestamp":"2025-08-09T09:39:27.263Z"}
{"level":"info","message":"No new report emails found","service":"mail-server-nj","timestamp":"2025-08-09T09:39:57.256Z"}
{"level":"info","message":"No new report emails found","service":"mail-server-nj","timestamp":"2025-08-09T09:40:27.254Z"}
{"level":"info","message":"No new report emails found","service":"mail-server-nj","timestamp":"2025-08-09T09:40:57.259Z"}
{"level":"info","message":"No new report emails found","service":"mail-server-nj","timestamp":"2025-08-09T09:41:27.253Z"}
{"level":"info","message":"No new report emails found","service":"mail-server-nj","timestamp":"2025-08-09T09:41:57.271Z"}
{"level":"info","message":"No new report emails found","service":"mail-server-nj","timestamp":"2025-08-09T09:42:27.288Z"}
{"level":"info","message":"No new report emails found","service":"mail-server-nj","timestamp":"2025-08-09T09:42:57.286Z"}
{"level":"info","message":"No new report emails found","service":"mail-server-nj","timestamp":"2025-08-09T09:43:27.304Z"}
{"level":"info","message":"No new report emails found","service":"mail-server-nj","timestamp":"2025-08-09T09:43:57.294Z"}
{"level":"info","message":"No new report emails found","service":"mail-server-nj","timestamp":"2025-08-09T09:44:27.294Z"}
{"level":"info","message":"No new report emails found","service":"mail-server-nj","timestamp":"2025-08-09T09:44:57.299Z"}
{"level":"info","message":"No new report emails found","service":"mail-server-nj","timestamp":"2025-08-09T09:45:27.307Z"}
{"level":"info","message":"No new report emails found","service":"mail-server-nj","timestamp":"2025-08-09T09:45:57.309Z"}
{"level":"info","message":"No new report emails found","service":"mail-server-nj","timestamp":"2025-08-09T09:46:27.298Z"}
{"level":"info","message":"No new report emails found","service":"mail-server-nj","timestamp":"2025-08-09T09:46:57.290Z"}
{"level":"info","message":"No new report emails found","service":"mail-server-nj","timestamp":"2025-08-09T09:47:27.284Z"}
{"level":"info","message":"No new report emails found","service":"mail-server-nj","timestamp":"2025-08-09T09:47:57.297Z"}
{"level":"info","message":"No new report emails found","service":"mail-server-nj","timestamp":"2025-08-09T09:48:27.289Z"}
{"level":"info","message":"No new report emails found","service":"mail-server-nj","timestamp":"2025-08-09T09:48:57.305Z"}
{"level":"info","message":"No new report emails found","service":"mail-server-nj","timestamp":"2025-08-09T09:49:27.306Z"}
{"level":"info","message":"No new report emails found","service":"mail-server-nj","timestamp":"2025-08-09T09:49:57.312Z"}
{"level":"info","message":"No new report emails found","service":"mail-server-nj","timestamp":"2025-08-09T09:50:27.293Z"}
{"code":"ETIMEDOUT","errno":-60,"level":"error","message":"IMAP connection error: read ETIMEDOUT","service":"mail-server-nj","source":"socket","stack":"Error: read ETIMEDOUT\n    at TCP.onStreamRead (node:internal/stream_base_commons:216:20)","syscall":"read","timestamp":"2025-08-09T10:01:46.134Z"}
{"level":"info","message":"Received SIGTERM, shutting down gracefully...","service":"mail-server-nj","timestamp":"2025-08-09T11:32:38.243Z"}
